android-app/app/build/outputs/mapping/release/seeds.txt
com.qrphotoshare.api.UploadResponse
com.qrphotoshare.api.ProgressRequestBody
com.qrphotoshare.MainActivity
com.qrphotoshare.api.ApiClient
com.qrphotoshare.ResultActivity
com.qrphotoshare.api.UriRequestBody
com.qrphotoshare.api.ProgressRequestBody$writeTo$countingSink$1
com.qrphotoshare.SplashActivity
com.qrphotoshare.api.ApiService
com.qrphotoshare.api.UploadResponse: java.lang.String expiresAt
com.qrphotoshare.api.UploadResponse: java.lang.String sessionId
com.qrphotoshare.api.UriRequestBody: android.net.Uri uri
com.qrphotoshare.api.ProgressRequestBody: kotlin.jvm.functions.Function1 onProgress
com.qrphotoshare.api.UploadResponse: java.lang.String error
com.qrphotoshare.api.UriRequestBody: android.content.ContentResolver contentResolver
com.qrphotoshare.api.UploadResponse: boolean success
com.qrphotoshare.api.ProgressRequestBody$writeTo$countingSink$1: long totalBytesWritten
com.qrphotoshare.api.ApiClient: okhttp3.OkHttpClient okHttpClient
com.qrphotoshare.api.UploadResponse: java.lang.String qrCode
com.qrphotoshare.api.ApiClient: retrofit2.Retrofit retrofit
com.qrphotoshare.api.ProgressRequestBody: okhttp3.RequestBody delegate
com.qrphotoshare.api.UploadResponse: java.lang.String downloadUrl
com.qrphotoshare.api.ApiClient: com.qrphotoshare.api.ApiService apiService
com.qrphotoshare.api.ProgressRequestBody$writeTo$countingSink$1: com.qrphotoshare.api.ProgressRequestBody this$0
com.qrphotoshare.api.ApiClient: java.lang.String BASE_URL
com.qrphotoshare.api.ApiClient: com.qrphotoshare.api.ApiClient INSTANCE
com.qrphotoshare.api.UriRequestBody: long contentLength()
com.qrphotoshare.api.UploadResponse: java.lang.String getSessionId()
com.qrphotoshare.api.UploadResponse: java.lang.String component6()
com.qrphotoshare.api.ProgressRequestBody: long contentLength()
com.qrphotoshare.api.ApiClient: com.qrphotoshare.api.ApiService getApiService()
com.qrphotoshare.api.UploadResponse: java.lang.String getDownloadUrl()
com.qrphotoshare.api.ProgressRequestBody: okhttp3.MediaType contentType()
com.qrphotoshare.api.UploadResponse: java.lang.String component2()
com.qrphotoshare.api.UriRequestBody: okhttp3.MediaType contentType()
com.qrphotoshare.api.UploadResponse: com.qrphotoshare.api.UploadResponse copy(boolean,java.lang.String,java.lang.String,java.lang.String,java.lang.String,java.lang.String)
com.qrphotoshare.api.ProgressRequestBody: kotlin.jvm.functions.Function1 access$getOnProgress$p(com.qrphotoshare.api.ProgressRequestBody)
com.qrphotoshare.api.UriRequestBody: void writeTo(okio.BufferedSink)
com.qrphotoshare.api.UploadResponse: java.lang.String component4()
com.qrphotoshare.api.UploadResponse: java.lang.String getError()
com.qrphotoshare.api.UploadResponse: java.lang.String getExpiresAt()
com.qrphotoshare.api.ApiClient: ApiClient()
com.qrphotoshare.api.UploadResponse: java.lang.String component5()
com.qrphotoshare.SplashActivity: SplashActivity()
com.qrphotoshare.MainActivity: MainActivity()
com.qrphotoshare.api.ProgressRequestBody$writeTo$countingSink$1: ProgressRequestBody$writeTo$countingSink$1(okio.BufferedSink,com.qrphotoshare.api.ProgressRequestBody)
com.qrphotoshare.api.UploadResponse: boolean getSuccess()
com.qrphotoshare.api.UploadResponse: java.lang.String getQrCode()
com.qrphotoshare.api.UploadResponse: java.lang.String component3()
com.qrphotoshare.api.UploadResponse: UploadResponse(boolean,java.lang.String,java.lang.String,java.lang.String,java.lang.String,java.lang.String)
com.qrphotoshare.api.ProgressRequestBody: void writeTo(okio.BufferedSink)
com.qrphotoshare.api.UploadResponse: boolean equals(java.lang.Object)
com.qrphotoshare.ResultActivity: ResultActivity()
com.qrphotoshare.api.ApiClient: retrofit2.Retrofit getRetrofit()
com.qrphotoshare.api.UriRequestBody: UriRequestBody(android.content.ContentResolver,android.net.Uri)
com.qrphotoshare.api.ApiService: java.lang.Object uploadPhotos(java.util.List,kotlin.coroutines.Continuation)
com.qrphotoshare.api.UploadResponse: boolean component1()
...
okhttp3.CipherSuite: okhttp3.CipherSuite TLS_AES_128_GCM_SHA256
okhttp3.internal.ws.RealWebSocket: okhttp3.Call call
com.google.android.gms.internal.ads.zzaej: android.os.Parcelable$Creator CREATOR
com.google.gson.internal.bind.ReflectiveTypeAdapterFactory: com.google.gson.internal.reflect.ReflectionAccessor accessor
okhttp3.internal.connection.RealCall: okhttp3.OkHttpClient client
okhttp3.internal.ws.RealWebSocket: okhttp3.internal.concurrent.TaskQueue taskQueue
okhttp3.internal.publicsuffix.PublicSuffixDatabase: okhttp3.internal.publicsuffix.PublicSuffixDatabase$Companion Companion
okhttp3.internal.http2.Http2Writer: okhttp3.internal.http2.Http2Writer$Companion Companion
okhttp3.internal.http2.Http2: int FLAG_END_HEADERS
okhttp3.HttpUrl: java.lang.String QUERY_COMPONENT_ENCODE_SET_URI
okhttp3.internal.connection.RealConnection$WhenMappings: int[] $EnumSwitchMapping$0
okhttp3.internal.connection.RealConnection: int MAX_TUNNEL_ATTEMPTS
okhttp3.internal.connection.RealConnection: java.net.Socket rawSocket
okhttp3.internal.cache.DiskLruCache$Entry$newSource$1: okhttp3.internal.cache.DiskLruCache$Entry this$1
com.google.android.gms.internal.ads.zzgys: com.google.android.gms.internal.ads.zzgsr zze
okhttp3.internal.http2.Http2ExchangeCodec: okhttp3.internal.http2.Http2ExchangeCodec$Companion Companion
okhttp3.internal.http2.Hpack$Reader: int maxDynamicTableByteCount
com.google.android.gms.internal.ads.zzfyh: com.google.android.gms.internal.ads.zzfyh$zzk waiters
okhttp3.internal.ws.WebSocketExtensions: java.lang.Integer clientMaxWindowBits
okhttp3.internal.ws.WebSocketExtensions: okhttp3.internal.ws.WebSocketExtensions$Companion Companion
okhttp3.internal.http2.Http2: int TYPE_CONTINUATION
okhttp3.internal.http2.Http2: okhttp3.internal.http2.Http2 INSTANCE
com.google.android.gms.internal.ads.zzgmz: com.google.android.gms.internal.ads.zzgnf zze
com.google.android.gms.internal.ads.zzgzc: int zzd
okhttp3.internal.connection.ConnectionSpecSelector: int nextModeIndex
okhttp3.CipherSuite: okhttp3.CipherSuite TLS_RSA_WITH_NULL_SHA
com.google.android.gms.internal.ads.zzapj: long zzaF
com.google.gson.internal.ConstructorConstructor$4: com.google.gson.internal.ConstructorConstructor this$0
com.google.gson.internal.bind.JsonTreeReader: int stackSize
okhttp3.internal.ws.RealWebSocket$Close: okio.ByteString reason
com.google.android.gms.internal.ads.zzaok: java.lang.String zzi
okhttp3.ConnectionPool: okhttp3.internal.connection.RealConnectionPool delegate
com.google.android.gms.internal.ads.zzgyt: com.google.android.gms.internal.ads.zzgsr zzg
com.google.android.gms.internal.ads.zzgzy: int zzG
okhttp3.internal.ws.RealWebSocket$Streams: okio.BufferedSink sink
okhttp3.internal.cache2.Relay: long FILE_HEADER_SIZE
com.google.gson.internal.bind.TypeAdapters: com.google.gson.TypeAdapter STRING_BUFFER
com.google.android.gms.internal.ads.zzapj: long zzL
okhttp3.CipherSuite: okhttp3.CipherSuite TLS_DHE_DSS_WITH_AES_128_GCM_SHA256
okhttp3.internal.http2.Http2Connection$Builder: okhttp3.internal.http2.PushObserver pushObserver
retrofit2.Utils$ParameterizedTypeImpl: java.lang.reflect.Type rawType
okhttp3.internal.http2.Header: okio.ByteString TARGET_PATH
okhttp3.internal.concurrent.TaskQueue: boolean cancelActiveTask
okhttp3.internal.concurrent.TaskRunner: boolean coordinatorWaiting
com.google.gson.internal.bind.TypeAdapters$34: java.lang.Class val$sub
com.google.gson.Gson: com.google.gson.reflect.TypeToken NULL_KEY_SURROGATE
com.google.android.gms.internal.ads.zzapj: java.lang.String zzD
okhttp3.internal.concurrent.TaskRunner: int nextQueueName
okhttp3.internal.http2.Http2Connection$pushRequestLater$$inlined$execute$default$1: boolean $cancelable
okhttp3.internal.http2.ErrorCode: okhttp3.internal.http2.ErrorCode CANCEL
com.google.android.gms.internal.ads.zzgpu: com.google.android.gms.internal.ads.zzgpu zzb
okhttp3.internal.concurrent.TaskQueue$execute$1: java.lang.String $name
okhttp3.internal.ws.RealWebSocket: okhttp3.internal.ws.WebSocketReader reader