android-app/app/build/outputs/mapping/release/usage.txt
com.qrphotoshare.MainActivity:
    private android.widget.FrameLayout adContainerView
    private android.widget.FrameLayout adContainerViewMiddle
    private android.widget.FrameLayout adContainerViewTop
    private com.google.android.gms.ads.AdView adView
    private final void loadBannerAd()
com.qrphotoshare.R$color
com.qrphotoshare.R$drawable
com.qrphotoshare.R$id:
    public static int adContainerView
    public static int adContainerViewMiddle
    public static int adContainerViewResult
    public static int adContainerViewTop
    public static int logo
    private void <init>()
com.qrphotoshare.R$layout:
    private void <init>()
com.qrphotoshare.R$menu:
    private void <init>()
com.qrphotoshare.R$mipmap:
    public static int ic_launcher_round
    private void <init>()
com.qrphotoshare.R$string
com.qrphotoshare.R$style
com.qrphotoshare.R$xml
com.qrphotoshare.R
com.qrphotoshare.ResultActivity:
    private android.widget.FrameLayout adContainerViewResult
    private final void loadBannerAd()
com.qrphotoshare.databinding.ActivityMainBinding
com.qrphotoshare.databinding.ActivityResultBinding
com.qrphotoshare.databinding.ActivitySplashBinding
com.qrphotoshare.databinding.LayoutAutoShareSheetBinding
com.qrphotoshare.MainActivity$$InternalSyntheticLambda$1$035f4ad5b5ba0e46045a9d01e1206610005619088ed0c84ad0a07faf0d07c0c5$1
com.qrphotoshare.MainActivity$$InternalSyntheticLambda$1$e475fbfe0704c2020222386a2325c81c5f10b3254bda27b0acc1c71548096dca$0:
    public static void onInitializationComplete(com.google.android.gms.ads.initialization.InitializationStatus)
com.qrphotoshare.MainActivity$$InternalSyntheticLambda$1$e475fbfe0704c2020222386a2325c81c5f10b3254bda27b0acc1c71548096dca$2
com.qrphotoshare.MainActivity$$InternalSyntheticLambda$2$476a820267c4fe9ffc297ec7cf78065054fcb129b3d0013d4f5e3ab544e0c9b1$1
com.qrphotoshare.MainActivity$$InternalSyntheticLambda$2$476a820267c4fe9ffc297ec7cf78065054fcb129b3d0013d4f5e3ab544e0c9b1$2
com.qrphotoshare.MainActivity$$InternalSyntheticLambda$2$476a820267c4fe9ffc297ec7cf78065054fcb129b3d0013d4f5e3ab544e0c9b1$3
com.qrphotoshare.MainActivity$$InternalSyntheticLambda$2$476a820267c4fe9ffc297ec7cf78065054fcb129b3d0013d4f5e3ab544e0c9b1$4
com.qrphotoshare.MainActivity$$InternalSyntheticLambda$2$476a820267c4fe9ffc297ec7cf78065054fcb129b3d0013d4f5e3ab544e0c9b1$5
com.qrphotoshare.MainActivity$$InternalSyntheticLambda$2$476a820267c4fe9ffc297ec7cf78065054fcb129b3d0013d4f5e3ab544e0c9b1$6
com.qrphotoshare.MainActivity$$InternalSyntheticLambda$2$476a820267c4fe9ffc297ec7cf78065054fcb129b3d0013d4f5e3ab544e0c9b1$7
com.qrphotoshare.MainActivity$$InternalSyntheticLambda$2$476a820267c4fe9ffc297ec7cf78065054fcb129b3d0013d4f5e3ab544e0c9b1$8
com.qrphotoshare.MainActivity$loadInterstitialAd$1:
    public static void onAdLoaded()
com.qrphotoshare.MainActivity$uploadPhotos$1$1:
    public final int label
    public final java.lang.Object invoke$1()
com.qrphotoshare.MainActivity$uploadPhotos$1$2:
    public final int label
    public final java.lang.Object invoke$1()
com.qrphotoshare.MainActivity$uploadPhotos$1:
    public final java.lang.Object invoke$1()
com.qrphotoshare.MainActivity$uploadPhotos$progressRequestBody$1$$InternalSyntheticLambda$3$b4de97753725bc81d8605a17c6ecad157de2d2bc9bd43b641d6fdca140163b86$0
com.qrphotoshare.MainActivity$uploadPhotos$progressRequestBody$1:
    public static void invoke$1()
...
kotlin.collections.CollectionsKt__IteratorsJVMKt$iterator$1
kotlin.collections.CollectionsKt__IteratorsJVMKt:
    public void <init>()
    public static final java.util.Iterator iterator(java.util.Enumeration)
kotlin.collections.CollectionsKt__IteratorsKt:
    public void <init>()
    public static final void forEach(java.util.Iterator,kotlin.jvm.functions.Function1)
    private static final java.util.Iterator iterator(java.util.Iterator)
    public static final java.util.Iterator withIndex(java.util.Iterator)
kotlin.collections.CollectionsKt__MutableCollectionsJVMKt:
    public void <init>()
    private static final void fill(java.util.List,java.lang.Object)
    private static final void shuffle(java.util.List)
    private static final void shuffle(java.util.List,java.util.Random)
    private static final void sort(java.util.List,java.util.Comparator)
    private static final void sort(java.util.List,kotlin.jvm.functions.Function2)
    public static final void sortWith(java.util.List,java.util.Comparator)
kotlin.collections.CollectionsKt__MutableCollectionsKt:
    public void <init>()
    public static final boolean addAll(java.util.Collection,kotlin.sequences.Sequence)
    public static final java.util.Collection convertToListIfNotCollection(java.lang.Iterable)
    private static final boolean filterInPlace$CollectionsKt__MutableCollectionsKt(java.lang.Iterable,kotlin.jvm.functions.Function1,boolean)
    private static final boolean filterInPlace$CollectionsKt__MutableCollectionsKt(java.util.List,kotlin.jvm.functions.Function1,boolean)
    private static final void minusAssign(java.util.Collection,java.lang.Iterable)
    private static final void minusAssign(java.util.Collection,java.lang.Object)
    private static final void minusAssign(java.util.Collection,kotlin.sequences.Sequence)
    private static final void minusAssign(java.util.Collection,java.lang.Object[])
    private static final void plusAssign(java.util.Collection,java.lang.Iterable)
    private static final void plusAssign(java.util.Collection,java.lang.Object)
    private static final void plusAssign(java.util.Collection,kotlin.sequences.Sequence)
    private static final void plusAssign(java.util.Collection,java.lang.Object[])
    private static final java.lang.Object remove(java.util.List,int)
    private static final boolean remove(java.util.Collection,java.lang.Object)
    public static final boolean removeAll(java.lang.Iterable,kotlin.jvm.functions.Function1)
kotlin.collections.CollectionsKt__ReversedViewsKt:
    public void <init>()
    public static final synthetic int access$reverseElementIndex(java.util.List,int)
    public static final synthetic int access$reverseIteratorIndex(java.util.List,int)
    public static final synthetic int access$reversePositionIndex(java.util.List,int)
    public static final java.util.List asReversed(java.util.List)
    public static final java.util.List asReversedMutable(java.util.List)
    private static final int reverseElementIndex$CollectionsKt__ReversedViewsKt(java.util.List,int)
    private static final int reverseIteratorIndex$CollectionsKt__ReversedViewsKt(java.util.List,int)
    private static final int reversePositionIndex$CollectionsKt__ReversedViewsKt(java.util.List,int)